<?xml version="1.0" encoding="UTF-8"?>
<!-- Generated by org.testng.reporters.JUnitReportReporter -->
<testsuite skipped="0" hostname="IN-C02G80DFML7H" name="com.backbase.tests.TestRunner" tests="7" failures="0" timestamp="2024-11-11T11:48:55 IST" time="94.709" errors="0">
  <testcase name="runScenario" time="24.144" classname="com.backbase.tests.TestRunner"/>
  <system-out/>
  <testcase name="runScenario" time="11.367" classname="com.backbase.tests.TestRunner"/>
  <system-out/>
  <testcase name="runScenario" time="17.418" classname="com.backbase.tests.TestRunner"/>
  <system-out/>
  <testcase name="runScenario" time="16.294" classname="com.backbase.tests.TestRunner"/>
  <system-out/>
  <testcase name="runScenario" time="5.532" classname="com.backbase.tests.TestRunner"/>
  <system-out/>
  <testcase name="runScenario" time="3.785" classname="com.backbase.tests.TestRunner"/>
  <system-out/>
  <testcase name="runScenario" time="16.169" classname="com.backbase.tests.TestRunner"/>
  <system-out/>
</testsuite> <!-- com.backbase.tests.TestRunner -->
